2025-04-29 22:12:45,721 [INFO] Activator:176 - 


2025-04-29 22:12:45,722 [INFO] Activator:177 - !SESSION log4j initialized
2025-04-29 22:12:47,544 [INFO] LogOutputStream:77 - [STDOUT_REDIRECT] 
2025-04-29 22:12:53,840 [INFO] ApplicationProperties:184 - Using Application install path: C:\ST\STM32CubeIDE_1.18.1\STM32CubeIDE\plugins\com.st.stm32cube.common.mx_6.14.1.202504091515
2025-04-29 22:12:53,854 [INFO] DbMcusXml:78 - Set database path to: C:\ST\STM32CubeIDE_1.18.1\STM32CubeIDE\plugins\com.st.stm32cube.common.mx_6.14.1.202504091515\\db\/mcu/
2025-04-29 22:12:53,854 [INFO] ApiDb:274 - Set plugin database path to: C:\ST\STM32CubeIDE_1.18.1\STM32CubeIDE\plugins\com.st.stm32cube.common.mx_6.14.1.202504091515\\db\/plugins/boardmanager/
2025-04-29 22:12:53,863 [WARN] ApiDb:259 - Overriding images path with different value:  => C:\ST\STM32CubeIDE_1.18.1\STM32CubeIDE\plugins\com.st.stm32cube.common.mx_6.14.1.202504091515\\db\/plugins/mcufinder/images/
2025-04-29 22:12:53,867 [INFO] ApiDb:250 - Set database path to: C:\Users\tolek\.stmcufinder\plugins\mcufinder//mcu/
2025-04-29 22:12:53,869 [INFO] DbMcusAds:125 - Set database path to: C:\Users\tolek\.stmcufinder\plugins\mcufinder//mcu/
2025-04-29 22:12:53,871 [INFO] CrossReferenceDbSqlite:203 - Set database path to: C:\Users\tolek\.stmcufinder\plugins\mcufinder//mcu/cs/
2025-04-29 22:12:53,974 [INFO] RulesReader:64 - Compatibility file has been processed (302 Rules)
2025-04-29 22:12:54,039 [INFO] DbMcusXml:78 - Set database path to: C:\ST\STM32CubeIDE_1.18.1\STM32CubeIDE\plugins\com.st.stm32cube.common.mx_6.14.1.202504091515\\db\/mcu/
2025-04-29 22:12:54,039 [INFO] ApiDb:274 - Set plugin database path to: C:\ST\STM32CubeIDE_1.18.1\STM32CubeIDE\plugins\com.st.stm32cube.common.mx_6.14.1.202504091515\\db\/plugins/boardmanager/
2025-04-29 22:12:54,039 [INFO] ApiDb:261 - Set plugin images path to: C:\ST\STM32CubeIDE_1.18.1\STM32CubeIDE\plugins\com.st.stm32cube.common.mx_6.14.1.202504091515\\db\/plugins/mcufinder/images/
2025-04-29 22:12:54,039 [WARN] DbFile:41 - Overriding database path with different value: C:\Users\tolek\.stmcufinder\plugins\mcufinder/ => C:\Users\tolek\.stmcufinder\plugins\mcufinder
2025-04-29 22:12:54,039 [INFO] ApiDb:250 - Set database path to: C:\Users\tolek\.stmcufinder\plugins\mcufinder//mcu/
2025-04-29 22:12:54,039 [WARN] DbFile:41 - Overriding database path with different value: C:\Users\tolek\.stmcufinder\plugins\mcufinder/ => C:\Users\tolek\.stmcufinder\plugins\mcufinder
2025-04-29 22:12:54,039 [INFO] DbMcusAds:125 - Set database path to: C:\Users\tolek\.stmcufinder\plugins\mcufinder//mcu/
2025-04-29 22:12:54,039 [WARN] DbFile:41 - Overriding database path with different value: C:\Users\tolek\.stmcufinder\plugins\mcufinder/ => C:\Users\tolek\.stmcufinder\plugins\mcufinder
2025-04-29 22:12:54,039 [WARN] DbFile:41 - Overriding database path with different value: C:\Users\tolek\.stmcufinder\plugins\mcufinder/ => C:\Users\tolek\.stmcufinder\plugins\mcufinder
2025-04-29 22:12:54,040 [INFO] CrossReferenceDbSqlite:203 - Set database path to: C:\Users\tolek\.stmcufinder\plugins\mcufinder//mcu/cs/
2025-04-29 22:12:54,094 [INFO] MainPanel:272 - HeapMemory: 268435456
2025-04-29 22:12:54,157 [INFO] DbMcusXml:78 - Set database path to: C:\ST\STM32CubeIDE_1.18.1\STM32CubeIDE\plugins\com.st.stm32cube.common.mx_6.14.1.202504091515\\db\/mcu/
2025-04-29 22:12:54,157 [INFO] ApiDb:274 - Set plugin database path to: C:\ST\STM32CubeIDE_1.18.1\STM32CubeIDE\plugins\com.st.stm32cube.common.mx_6.14.1.202504091515\\db\/plugins/boardmanager/
2025-04-29 22:12:54,157 [INFO] ApiDb:261 - Set plugin images path to: C:\ST\STM32CubeIDE_1.18.1\STM32CubeIDE\plugins\com.st.stm32cube.common.mx_6.14.1.202504091515\\db\/plugins/mcufinder/images/
2025-04-29 22:12:54,157 [WARN] DbFile:41 - Overriding database path with different value: C:\Users\tolek\.stmcufinder\plugins\mcufinder/ => C:\Users\tolek\.stmcufinder\plugins\mcufinder
2025-04-29 22:12:54,158 [INFO] ApiDb:250 - Set database path to: C:\Users\tolek\.stmcufinder\plugins\mcufinder//mcu/
2025-04-29 22:12:54,158 [WARN] DbFile:41 - Overriding database path with different value: C:\Users\tolek\.stmcufinder\plugins\mcufinder/ => C:\Users\tolek\.stmcufinder\plugins\mcufinder
2025-04-29 22:12:54,158 [INFO] DbMcusAds:125 - Set database path to: C:\Users\tolek\.stmcufinder\plugins\mcufinder//mcu/
2025-04-29 22:12:54,158 [WARN] DbFile:41 - Overriding database path with different value: C:\Users\tolek\.stmcufinder\plugins\mcufinder/ => C:\Users\tolek\.stmcufinder\plugins\mcufinder
2025-04-29 22:12:54,158 [WARN] DbFile:41 - Overriding database path with different value: C:\Users\tolek\.stmcufinder\plugins\mcufinder/ => C:\Users\tolek\.stmcufinder\plugins\mcufinder
2025-04-29 22:12:54,158 [INFO] CrossReferenceDbSqlite:203 - Set database path to: C:\Users\tolek\.stmcufinder\plugins\mcufinder//mcu/cs/
2025-04-29 22:12:54,171 [INFO] ApplicationProperties:184 - Using Application install path: C:\ST\STM32CubeIDE_1.18.1\STM32CubeIDE\plugins\com.st.stm32cube.common.mx_6.14.1.202504091515
2025-04-29 22:12:54,172 [INFO] PluginManage:196 - Search for loadable plugins [exclusion list=, ]
2025-04-29 22:12:54,173 [INFO] PluginManage:310 - Check plugin analytics
2025-04-29 22:12:59,272 [INFO] AnalyticsPlugin:253 - Accepted Software Licenses: 
2025-04-29 22:12:59,272 [INFO] AnalyticsPlugin:255 - Accepted CMSIS Pack Licenses: 
2025-04-29 22:12:59,272 [INFO] AnalyticsPlugin:257 - Accepted Firmware Licenses: FW.L4.1.18.0
2025-04-29 22:12:59,275 [INFO] PluginManage:359 - Loaded plugin analytics (category:tool,tabindex:-1)
2025-04-29 22:12:59,275 [INFO] PluginManage:310 - Check plugin cadmodel
2025-04-29 22:12:59,278 [INFO] CADModel:105 - Init CAD model plugin
2025-04-29 22:12:59,278 [INFO] PluginManage:359 - Loaded plugin cadmodel (category:power,tabindex:5)
2025-04-29 22:12:59,278 [INFO] PluginManage:310 - Check plugin clock
2025-04-29 22:12:59,285 [INFO] PluginManage:359 - Loaded plugin clock (category:base,tabindex:2)
2025-04-29 22:12:59,285 [INFO] PluginManage:310 - Check plugin ddr
2025-04-29 22:12:59,287 [INFO] PluginManage:359 - Loaded plugin ddr (category:tool,tabindex:6)
2025-04-29 22:12:59,287 [INFO] PluginManage:310 - Check plugin filemanager
2025-04-29 22:12:59,447 [INFO] PluginManage:359 - Loaded plugin filemanager (category:base,tabindex:10)
2025-04-29 22:12:59,447 [INFO] PluginManage:310 - Check plugin ipmanager
2025-04-29 22:12:59,453 [INFO] PluginManage:359 - Loaded plugin ipmanager (category:base,tabindex:5)
2025-04-29 22:12:59,453 [INFO] PluginManage:310 - Check plugin lpbam
2025-04-29 22:12:59,458 [INFO] PluginManage:359 - Loaded plugin lpbam (category:base,tabindex:0)
2025-04-29 22:12:59,458 [INFO] PluginManage:310 - Check plugin memorymap
2025-04-29 22:12:59,465 [INFO] PluginManage:359 - Loaded plugin memorymap (category:base,tabindex:4)
2025-04-29 22:12:59,466 [INFO] PluginManage:310 - Check plugin pinoutandconfiguration
2025-04-29 22:12:59,471 [INFO] PluginManage:359 - Loaded plugin pinoutandconfiguration (category:base,tabindex:1)
2025-04-29 22:12:59,471 [INFO] PluginManage:310 - Check plugin pinoutconfig
2025-04-29 22:12:59,571 [WARN] SupportedApi:132 - Cannot load RTOS API schema: s4s-elt-must-match.1: The content of 'definitions' must match (annotation?, (simpleType | complexType)?, (unique | key | keyref)*)). A problem was found starting at: attribute.
2025-04-29 22:12:59,669 [INFO] PluginManage:359 - Loaded plugin pinoutconfig (category:base,tabindex:0)
2025-04-29 22:12:59,669 [INFO] PluginManage:310 - Check plugin power
2025-04-29 22:12:59,675 [INFO] PluginManage:359 - Loaded plugin power (category:power,tabindex:4)
2025-04-29 22:12:59,675 [INFO] PluginManage:310 - Check plugin projectmanager
2025-04-29 22:12:59,689 [INFO] PluginManage:359 - Loaded plugin projectmanager (category:projectmanager,tabindex:4)
2025-04-29 22:12:59,690 [INFO] PluginManage:310 - Check plugin rif
2025-04-29 22:12:59,694 [INFO] PluginManage:359 - Loaded plugin rif (category:base,tabindex:3)
2025-04-29 22:12:59,694 [INFO] PluginManage:310 - Check plugin thirdparty
2025-04-29 22:12:59,788 [INFO] PluginManage:359 - Loaded plugin thirdparty (category:base,tabindex:-1)
2025-04-29 22:12:59,788 [WARN] IntegrityCheckThread:84 - waiting for thirdparty lock release [integrity check]
2025-04-29 22:12:59,790 [INFO] PluginManage:310 - Check plugin tools
2025-04-29 22:12:59,790 [INFO] IntegrityCheckThread:86 - entering critical section [integrity check]
2025-04-29 22:12:59,791 [INFO] ThirdPartyUpdaterWithRetryManager:70 - Updater plugin not ready yet. [1/15]
2025-04-29 22:12:59,792 [INFO] PluginManage:359 - Loaded plugin tools (category:base,tabindex:7)
2025-04-29 22:12:59,793 [INFO] PluginManage:310 - Check plugin tutovideos
2025-04-29 22:12:59,892 [INFO] PluginManage:359 - Loaded plugin tutovideos (category:base,tabindex:-1)
2025-04-29 22:12:59,892 [INFO] PluginManage:310 - Check plugin updater
2025-04-29 22:12:59,909 [INFO] PluginManage:359 - Loaded plugin updater (category:base,tabindex:12)
2025-04-29 22:12:59,909 [INFO] PluginManage:310 - Check plugin userauth
2025-04-29 22:12:59,911 [INFO] UserAuth:118 - Init User Auth plugin
2025-04-29 22:12:59,912 [INFO] PluginManage:359 - Loaded plugin userauth (category:base,tabindex:14)
2025-04-29 22:12:59,912 [INFO] PluginManage:283 - PluginManage : Loaded plugins [18]
2025-04-29 22:13:00,062 [INFO] PinOutPanel:1589 - setPackage(No Configuration,No Configuration)
2025-04-29 22:13:00,121 [INFO] CADModel:165 - CPN selected for project level
2025-04-29 22:13:00,121 [INFO] CADModel:114 - Register for checkConnection events
2025-04-29 22:13:00,131 [INFO] IPUIPlugin:80 - create IPUIPlugin
2025-04-29 22:13:00,131 [INFO] PluginManager:220 - loadIPPluginJar : add adc
2025-04-29 22:13:00,133 [INFO] IPUIPlugin:80 - create IPUIPlugin
2025-04-29 22:13:00,133 [INFO] PluginManager:220 - loadIPPluginJar : add aes
2025-04-29 22:13:00,135 [INFO] IPUIPlugin:80 - create IPUIPlugin
2025-04-29 22:13:00,135 [INFO] PluginManager:220 - loadIPPluginJar : add can
2025-04-29 22:13:00,136 [INFO] IPUIPlugin:80 - create IPUIPlugin
2025-04-29 22:13:00,136 [INFO] PluginManager:220 - loadIPPluginJar : add comp
2025-04-29 22:13:00,138 [INFO] IPUIPlugin:80 - create IPUIPlugin
2025-04-29 22:13:00,138 [INFO] PluginManager:220 - loadIPPluginJar : add cryp
2025-04-29 22:13:00,139 [INFO] IPUIPlugin:80 - create IPUIPlugin
2025-04-29 22:13:00,139 [INFO] PluginManager:220 - loadIPPluginJar : add ddr_ctrl_phy
2025-04-29 22:13:00,141 [INFO] IPUIPlugin:80 - create IPUIPlugin
2025-04-29 22:13:00,141 [INFO] PluginManager:220 - loadIPPluginJar : add dfsdm
2025-04-29 22:13:00,144 [INFO] IPUIPlugin:80 - create IPUIPlugin
2025-04-29 22:13:00,144 [INFO] PluginManager:220 - loadIPPluginJar : add dma
2025-04-29 22:13:00,146 [INFO] IPUIPlugin:80 - create IPUIPlugin
2025-04-29 22:13:00,146 [INFO] PluginManager:220 - loadIPPluginJar : add dma3
2025-04-29 22:13:00,147 [INFO] IPUIPlugin:80 - create IPUIPlugin
2025-04-29 22:13:00,148 [INFO] PluginManager:220 - loadIPPluginJar : add extmemmanager
2025-04-29 22:13:00,149 [INFO] IPUIPlugin:80 - create IPUIPlugin
2025-04-29 22:13:00,149 [INFO] PluginManager:220 - loadIPPluginJar : add fatfs
2025-04-29 22:13:00,151 [INFO] IPUIPlugin:80 - create IPUIPlugin
2025-04-29 22:13:00,152 [INFO] PluginManager:220 - loadIPPluginJar : add fmc
2025-04-29 22:13:00,154 [INFO] IPUIPlugin:80 - create IPUIPlugin
2025-04-29 22:13:00,155 [INFO] PluginManager:220 - loadIPPluginJar : add freertos
2025-04-29 22:13:00,155 [INFO] IPUIPlugin:80 - create IPUIPlugin
2025-04-29 22:13:00,156 [INFO] PluginManager:220 - loadIPPluginJar : add genericplugin
2025-04-29 22:13:00,157 [INFO] IPUIPlugin:80 - create IPUIPlugin
2025-04-29 22:13:00,157 [INFO] PluginManager:220 - loadIPPluginJar : add gfxmmu
2025-04-29 22:13:00,159 [INFO] IPUIPlugin:80 - create IPUIPlugin
2025-04-29 22:13:00,160 [INFO] PluginManager:220 - loadIPPluginJar : add gic
2025-04-29 22:13:00,162 [INFO] IPUIPlugin:80 - create IPUIPlugin
2025-04-29 22:13:00,162 [INFO] PluginManager:220 - loadIPPluginJar : add gpio
2025-04-29 22:13:00,165 [INFO] IPUIPlugin:80 - create IPUIPlugin
2025-04-29 22:13:00,165 [INFO] PluginManager:220 - loadIPPluginJar : add gtzc
2025-04-29 22:13:00,166 [INFO] IPUIPlugin:80 - create IPUIPlugin
2025-04-29 22:13:00,166 [INFO] PluginManager:220 - loadIPPluginJar : add hash
2025-04-29 22:13:00,168 [INFO] IPUIPlugin:80 - create IPUIPlugin
2025-04-29 22:13:00,169 [INFO] PluginManager:220 - loadIPPluginJar : add i2c
2025-04-29 22:13:00,170 [INFO] IPUIPlugin:80 - create IPUIPlugin
2025-04-29 22:13:00,171 [INFO] PluginManager:220 - loadIPPluginJar : add i2s
2025-04-29 22:13:00,173 [INFO] IPUIPlugin:80 - create IPUIPlugin
2025-04-29 22:13:00,173 [INFO] PluginManager:220 - loadIPPluginJar : add i3c
2025-04-29 22:13:00,175 [INFO] IPUIPlugin:80 - create IPUIPlugin
2025-04-29 22:13:00,175 [INFO] PluginManager:220 - loadIPPluginJar : add ipddr
2025-04-29 22:13:00,179 [INFO] IPUIPlugin:80 - create IPUIPlugin
2025-04-29 22:13:00,179 [INFO] PluginManager:220 - loadIPPluginJar : add linkedlist
2025-04-29 22:13:00,182 [INFO] IPUIPlugin:80 - create IPUIPlugin
2025-04-29 22:13:00,182 [INFO] PluginManager:220 - loadIPPluginJar : add lorawan
2025-04-29 22:13:00,183 [INFO] IPUIPlugin:80 - create IPUIPlugin
2025-04-29 22:13:00,183 [INFO] PluginManager:220 - loadIPPluginJar : add ltdc
2025-04-29 22:13:00,187 [INFO] IPUIPlugin:80 - create IPUIPlugin
2025-04-29 22:13:00,187 [INFO] PluginManager:220 - loadIPPluginJar : add mdma
2025-04-29 22:13:00,189 [INFO] IPUIPlugin:80 - create IPUIPlugin
2025-04-29 22:13:00,189 [INFO] PluginManager:220 - loadIPPluginJar : add nvic
2025-04-29 22:13:00,192 [INFO] IPUIPlugin:80 - create IPUIPlugin
2025-04-29 22:13:00,192 [INFO] PluginManager:220 - loadIPPluginJar : add opamp
2025-04-29 22:13:00,194 [INFO] IPUIPlugin:80 - create IPUIPlugin
2025-04-29 22:13:00,194 [INFO] PluginManager:220 - loadIPPluginJar : add openamp
2025-04-29 22:13:00,196 [INFO] IPUIPlugin:80 - create IPUIPlugin
2025-04-29 22:13:00,196 [INFO] PluginManager:220 - loadIPPluginJar : add pdm2pcm
2025-04-29 22:13:00,199 [INFO] IPUIPlugin:80 - create IPUIPlugin
2025-04-29 22:13:00,203 [INFO] PluginManager:220 - loadIPPluginJar : add plateformsettings
2025-04-29 22:13:00,204 [INFO] IPUIPlugin:80 - create IPUIPlugin
2025-04-29 22:13:00,204 [INFO] PluginManager:220 - loadIPPluginJar : add quadspi
2025-04-29 22:13:00,206 [INFO] IPUIPlugin:80 - create IPUIPlugin
2025-04-29 22:13:00,208 [INFO] PluginManager:220 - loadIPPluginJar : add radio
2025-04-29 22:13:00,210 [INFO] IPUIPlugin:80 - create IPUIPlugin
2025-04-29 22:13:00,210 [INFO] PluginManager:220 - loadIPPluginJar : add resmgrutility
2025-04-29 22:13:00,213 [INFO] IPUIPlugin:80 - create IPUIPlugin
2025-04-29 22:13:00,213 [INFO] PluginManager:220 - loadIPPluginJar : add sai
2025-04-29 22:13:00,214 [INFO] IPUIPlugin:80 - create IPUIPlugin
2025-04-29 22:13:00,215 [INFO] PluginManager:220 - loadIPPluginJar : add spi
2025-04-29 22:13:00,220 [INFO] IPUIPlugin:80 - create IPUIPlugin
2025-04-29 22:13:00,220 [INFO] PluginManager:220 - loadIPPluginJar : add stm32_wpan
2025-04-29 22:13:00,221 [INFO] IPUIPlugin:80 - create IPUIPlugin
2025-04-29 22:13:00,221 [INFO] PluginManager:220 - loadIPPluginJar : add tim
2025-04-29 22:13:00,223 [INFO] IPUIPlugin:80 - create IPUIPlugin
2025-04-29 22:13:00,224 [INFO] PluginManager:220 - loadIPPluginJar : add touchsensing
2025-04-29 22:13:00,225 [INFO] IPUIPlugin:80 - create IPUIPlugin
2025-04-29 22:13:00,225 [INFO] PluginManager:220 - loadIPPluginJar : add tracer_emb
2025-04-29 22:13:00,226 [INFO] IPUIPlugin:80 - create IPUIPlugin
2025-04-29 22:13:00,226 [INFO] PluginManager:220 - loadIPPluginJar : add ts
2025-04-29 22:13:00,227 [INFO] IPUIPlugin:80 - create IPUIPlugin
2025-04-29 22:13:00,227 [INFO] PluginManager:220 - loadIPPluginJar : add tsc
2025-04-29 22:13:00,228 [INFO] IPUIPlugin:80 - create IPUIPlugin
2025-04-29 22:13:00,229 [INFO] PluginManager:220 - loadIPPluginJar : add ucpd
2025-04-29 22:13:00,231 [INFO] IPUIPlugin:80 - create IPUIPlugin
2025-04-29 22:13:00,231 [INFO] PluginManager:220 - loadIPPluginJar : add usart
2025-04-29 22:13:00,233 [INFO] IPUIPlugin:80 - create IPUIPlugin
2025-04-29 22:13:00,233 [INFO] PluginManager:220 - loadIPPluginJar : add usbx
2025-04-29 22:13:00,397 [FATAL] Updater:351 - Updater called before beeing initialized
2025-04-29 22:13:00,414 [INFO] RulesReader:64 - Compatibility file has been processed (302 Rules)
2025-04-29 22:13:00,421 [INFO] RulesReader:64 - Compatibility file has been processed (302 Rules)
2025-04-29 22:13:00,428 [INFO] CADModel:165 - CPN selected for project level
2025-04-29 22:13:00,428 [INFO] CADModel:114 - Register for checkConnection events
2025-04-29 22:13:00,428 [FATAL] Updater:351 - Updater called before beeing initialized
2025-04-29 22:13:00,428 [ERROR] CADModel:125 - Updater not yet initialized, retry later 
2025-04-29 22:13:00,527 [FATAL] Updater:351 - Updater called before beeing initialized
2025-04-29 22:13:00,528 [INFO] CADModel:165 - CPN selected for project level
2025-04-29 22:13:00,529 [INFO] CADModel:114 - Register for checkConnection events
2025-04-29 22:13:00,529 [FATAL] Updater:351 - Updater called before beeing initialized
2025-04-29 22:13:00,529 [ERROR] CADModel:125 - Updater not yet initialized, retry later 
2025-04-29 22:13:00,532 [FATAL] Updater:351 - Updater called before beeing initialized
2025-04-29 22:13:00,640 [FATAL] Updater:351 - Updater called before beeing initialized
2025-04-29 22:13:00,643 [INFO] DbMcusAds:53 - JSON generation date=Thu Mar 06 15:54:22 CET 2025 (1741272862204)
2025-04-29 22:13:00,643 [FATAL] Updater:351 - Updater called before beeing initialized
2025-04-29 22:13:00,926 [WARN] DetailPanel:346 - Failed to get advertising image, set to default
2025-04-29 22:13:01,125 [FATAL] Updater:351 - Updater called before beeing initialized
2025-04-29 22:13:01,126 [FATAL] Updater:351 - Updater called before beeing initialized
2025-04-29 22:13:01,126 [FATAL] Updater:351 - Updater called before beeing initialized
2025-04-29 22:13:01,126 [WARN] DetailPanel:346 - Failed to get advertising image, set to default
2025-04-29 22:13:01,127 [FATAL] Updater:351 - Updater called before beeing initialized
2025-04-29 22:13:01,170 [ERROR] Updater:1198 - MainUpdater not yet initialized. External WinMGr cannot be set.
2025-04-29 22:13:01,171 [INFO] Updater:1134 - Updater Version found : 6.14.1
2025-04-29 22:13:01,185 [INFO] ApplicationProperties:184 - Using Application install path: C:\ST\STM32CubeIDE_1.18.1\STM32CubeIDE\plugins\com.st.stm32cube.common.mx_6.14.1.202504091515
2025-04-29 22:13:02,757 [ERROR] LogOutputStream:75 - [STDERR_REDIRECT] Apr 29, 2025 10:13:02 PM java.util.prefs.WindowsPreferences <init>
2025-04-29 22:13:02,758 [ERROR] LogOutputStream:75 - [STDERR_REDIRECT] WARNING: Could not open/create prefs root node Software\JavaSoft\Prefs at root 0xffffffff80000002. Windows RegCreateKeyEx(...) returned error code 5.
2025-04-29 22:13:02,759 [ERROR] LogOutputStream:75 - [STDERR_REDIRECT] 
2025-04-29 22:13:02,793 [INFO] ThirdPartyUpdaterWithRetryManager:70 - Updater plugin not ready yet. [2/15]
2025-04-29 22:13:02,928 [INFO] MainUpdater:2872 - connection check result : 10
2025-04-29 22:13:02,928 [INFO] MainUpdater:289 - Updater Check For Update Now.
2025-04-29 22:13:02,928 [INFO] MicroXplorer:498 - Change Database Version : DB.6.0.141
2025-04-29 22:13:02,937 [INFO] McuFinderGlobals:63 - Set McuFinder mode to 2 (CubeIDE integrated)
2025-04-29 22:13:02,937 [INFO] UserAuth:484 - Internet connection configuration mode: 1
2025-04-29 22:13:02,959 [INFO] JxBrowserEngine:152 - Initiate JxBrowser Engine with user profile folder
2025-04-29 22:13:03,099 [INFO] CheckServerUpdateThread:120 - End of CheckServer Thread
2025-04-29 22:13:03,373 [INFO] WebApp:169 - Instantiating new browser for Auth
2025-04-29 22:13:03,806 [INFO] WebApp:463 - Apply proxy settings
2025-04-29 22:13:03,806 [INFO] WebApp:548 - Chromium requires no authentication
2025-04-29 22:13:03,812 [INFO] WebApp:491 - Direct internet connection detected
2025-04-29 22:13:03,825 [INFO] WebApp:894 - Register for checkConnection events
2025-04-29 22:13:03,825 [INFO] WebApp:463 - Apply proxy settings
2025-04-29 22:13:03,825 [INFO] WebApp:548 - Chromium requires no authentication
2025-04-29 22:13:03,825 [INFO] WebApp:491 - Direct internet connection detected
2025-04-29 22:13:03,922 [INFO] WebApp:225 - Starting web application
2025-04-29 22:13:03,922 [INFO] WebApp:593 - Web application path used C:\ST\STM32CubeIDE_1.18.1\STM32CubeIDE\plugins\com.st.stm32cube.common.mx_6.14.1.202504091515\db\plugins\mcufinder\reactClient1\index.html
2025-04-29 22:13:03,984 [INFO] UserAuth:484 - Internet connection configuration mode: 1
2025-04-29 22:13:04,069 [INFO] WebApp:191 - Connection restablished
2025-04-29 22:13:05,689 [ERROR] LogOutputStream:75 - [STDERR_REDIRECT] Apr 29, 2025 10:13:05 PM org.eclipse.lsp4j.jsonrpc.services.GenericEndpoint notify
2025-04-29 22:13:05,690 [ERROR] LogOutputStream:75 - [STDERR_REDIRECT] WARNING: Unsupported notification method: statusNotification
2025-04-29 22:13:05,691 [ERROR] LogOutputStream:75 - [STDERR_REDIRECT] 
2025-04-29 22:13:05,693 [ERROR] LogOutputStream:75 - [STDERR_REDIRECT] Apr 29, 2025 10:13:05 PM org.eclipse.lsp4j.jsonrpc.services.GenericEndpoint notify
2025-04-29 22:13:05,693 [ERROR] LogOutputStream:75 - [STDERR_REDIRECT] WARNING: Unsupported notification method: didChangeStatus
2025-04-29 22:13:05,694 [ERROR] LogOutputStream:75 - [STDERR_REDIRECT] 
2025-04-29 22:13:05,696 [ERROR] LogOutputStream:75 - [STDERR_REDIRECT] Apr 29, 2025 10:13:05 PM org.eclipse.lsp4j.jsonrpc.services.GenericEndpoint notify
2025-04-29 22:13:05,696 [ERROR] LogOutputStream:75 - [STDERR_REDIRECT] WARNING: Unsupported notification method: conversation/preconditionsNotification
2025-04-29 22:13:05,697 [ERROR] LogOutputStream:75 - [STDERR_REDIRECT] 
2025-04-29 22:13:05,968 [WARN] PackLoader:240 - Cannot read IP mode file for STMicroelectronics.FP-SNS-MOTENVWB1.1.4.0
2025-04-29 22:13:05,974 [WARN] PackLoader:240 - Cannot read IP mode file for STMicroelectronics.FP-ATR-ASTRA1.2.0.2
2025-04-29 22:13:05,981 [WARN] PackLoader:240 - Cannot read IP mode file for STMicroelectronics.X-CUBE-SMBUS.2.1.0
2025-04-29 22:13:05,988 [WARN] PackLoader:240 - Cannot read IP mode file for STMicroelectronics.X-CUBE-WB05N.1.1.0
2025-04-29 22:13:06,011 [WARN] PackLoader:240 - Cannot read IP mode file for STMicroelectronics.X-CUBE-AZRTOS-F7.1.1.0
2025-04-29 22:13:06,043 [WARN] PackLoader:240 - Cannot read IP mode file for Infineon.AIROC-Wi-Fi-Bluetooth-STM32.1.7.0
2025-04-29 22:13:06,054 [WARN] PackLoader:240 - Cannot read IP mode file for STMicroelectronics.X-CUBE-DISPLAY.3.0.0
2025-04-29 22:13:06,062 [WARN] PackLoader:240 - Cannot read IP mode file for STMicroelectronics.X-CUBE-NFC10.1.0.0
2025-04-29 22:13:06,071 [WARN] PackLoader:240 - Cannot read IP mode file for STMicroelectronics.X-CUBE-BLEMGR.4.0.0
2025-04-29 22:13:06,077 [WARN] PackLoader:240 - Cannot read IP mode file for emotas.I-CUBE-CANOPEN.1.3.0
2025-04-29 22:13:06,081 [WARN] ConditionMgr:438 - getConditionDescription Invalid condition id : Cortex-A Device cause : null
2025-04-29 22:13:06,088 [ERROR] LogOutputStream:75 - [STDERR_REDIRECT] Apr 29, 2025 10:13:06 PM org.eclipse.lsp4j.jsonrpc.services.GenericEndpoint notify
2025-04-29 22:13:06,089 [ERROR] LogOutputStream:75 - [STDERR_REDIRECT] WARNING: Unsupported notification method: featureFlagsNotification
2025-04-29 22:13:06,089 [ERROR] LogOutputStream:75 - [STDERR_REDIRECT] 
2025-04-29 22:13:06,090 [WARN] ConditionMgr:1044 - genDependencies : Invalid condition id : Cortex-A Device cause : null
2025-04-29 22:13:06,090 [WARN] ConditionMgr:1044 - genDependencies : Invalid condition id : Cortex-A Device cause : null
2025-04-29 22:13:06,090 [WARN] ConditionMgr:1044 - genDependencies : Invalid condition id : Cortex-A Device cause : null
2025-04-29 22:13:06,093 [WARN] PackLoader:240 - Cannot read IP mode file for STMicroelectronics.X-CUBE-AI.10.0.0
2025-04-29 22:13:06,097 [WARN] PackLoader:240 - Cannot read IP mode file for STMicroelectronics.FP-SNS-SMARTAG2.1.2.0
2025-04-29 22:13:06,100 [WARN] PackLoader:240 - Cannot read IP mode file for STMicroelectronics.FP-SNS-FLIGHT1.5.1.0
2025-04-29 22:13:06,106 [INFO] LogOutputStream:77 - [STDOUT_REDIRECT] 1 : Invalid condition id : UX_CORESTACK_Condition cause : null
2025-04-29 22:13:06,107 [INFO] LogOutputStream:77 - [STDOUT_REDIRECT] 1 : Invalid condition id : UX_CORESTACK_Condition cause : null
2025-04-29 22:13:06,107 [INFO] LogOutputStream:77 - [STDOUT_REDIRECT] 1 : Invalid condition id : UX_CORESTACK_Condition cause : null
2025-04-29 22:13:06,109 [INFO] LogOutputStream:77 - [STDOUT_REDIRECT] 1 : Invalid condition id : UX_CORESTACK_Condition cause : null
2025-04-29 22:13:06,110 [INFO] LogOutputStream:77 - [STDOUT_REDIRECT] 1 : Invalid condition id : UX_CORESTACK_Condition cause : null
2025-04-29 22:13:06,112 [WARN] PackLoader:240 - Cannot read IP mode file for STMicroelectronics.X-CUBE-AZRTOS-WL.2.0.0
2025-04-29 22:13:06,116 [WARN] PackLoader:240 - Cannot read IP mode file for STMicroelectronics.FP-SNS-MOTENV1.5.0.0
2025-04-29 22:13:06,122 [WARN] PackLoader:240 - Cannot read IP mode file for WES.I-CUBE-Cesium.1.3.0
2025-04-29 22:13:06,125 [WARN] PackLoader:240 - Cannot read IP mode file for STMicroelectronics.X-CUBE-BLE2.3.3.0
2025-04-29 22:13:06,130 [WARN] PackLoader:240 - Cannot read IP mode file for STMicroelectronics.X-CUBE-NFC9.1.0.0
2025-04-29 22:13:06,134 [WARN] PackLoader:240 - Cannot read IP mode file for STMicroelectronics.X-CUBE-BLE1.7.1.0
2025-04-29 22:13:06,137 [WARN] PackLoader:240 - Cannot read IP mode file for wolfSSL.I-CUBE-wolfMQTT.1.19.2
2025-04-29 22:13:06,168 [WARN] PackLoader:240 - Cannot read IP mode file for STMicroelectronics.X-CUBE-MEMS1.11.2.0
2025-04-29 22:13:06,263 [WARN] PackLoader:240 - Cannot read IP mode file for STMicroelectronics.X-CUBE-AZRTOS-G0.1.1.0
2025-04-29 22:13:06,271 [WARN] PackLoader:240 - Cannot read IP mode file for STMicroelectronics.X-CUBE-SAFEA1.1.2.2
2025-04-29 22:13:06,293 [WARN] PackLoader:240 - Cannot read IP mode file for STMicroelectronics.X-CUBE-NFC4.3.0.0
2025-04-29 22:13:06,303 [WARN] PackLoader:240 - Cannot read IP mode file for EmbeddedOffice.I-CUBE-FS-RTOS.1.0.1
2025-04-29 22:13:06,307 [WARN] PackLoader:240 - Cannot read IP mode file for STMicroelectronics.X-CUBE-WB05N.2.0.0
2025-04-29 22:13:06,309 [WARN] PackLoader:240 - Cannot read IP mode file for wolfSSL.I-CUBE-wolfTPM.3.8.0
2025-04-29 22:13:06,313 [WARN] PackLoader:240 - Cannot read IP mode file for STMicroelectronics.X-CUBE-TCPP.4.2.0
2025-04-29 22:13:06,319 [WARN] PackLoader:240 - Cannot read IP mode file for RealThread.X-CUBE-RT-Thread_Nano.4.1.1
2025-04-29 22:13:06,322 [WARN] PackLoader:240 - Cannot read IP mode file for STMicroelectronics.FP-ATR-SIGFOX1.3.2.0
2025-04-29 22:13:06,326 [WARN] PackLoader:240 - Cannot read IP mode file for STMicroelectronics.X-CUBE-EEPRMA1.5.1.0
2025-04-29 22:13:06,331 [WARN] PackLoader:240 - Cannot read IP mode file for wolfSSL.I-CUBE-wolfSSL.5.7.6
2025-04-29 22:13:06,335 [WARN] PackLoader:240 - Cannot read IP mode file for ITTIA_DB.I-CUBE-ITTIADB.8.9.0
2025-04-29 22:13:06,354 [WARN] PackLoader:240 - Cannot read IP mode file for SEGGER.I-CUBE-embOS.1.3.1
2025-04-29 22:13:06,375 [WARN] PackLoader:240 - Cannot read IP mode file for STMicroelectronics.X-CUBE-ALGOBUILD.1.4.0
2025-04-29 22:13:06,385 [WARN] PackLoader:240 - Cannot read IP mode file for STMicroelectronics.X-CUBE-AZRTOS-F4.1.1.0
2025-04-29 22:13:06,389 [WARN] PackLoader:240 - Cannot read IP mode file for Avnet-IotConnect.X-CUBE-IoTC-DA16k-PMOD.1.0.0
2025-04-29 22:13:06,392 [WARN] PackLoader:240 - Cannot read IP mode file for STMicroelectronics.X-CUBE-ISPU.2.1.0
2025-04-29 22:13:06,404 [WARN] PackLoader:240 - Cannot read IP mode file for STMicroelectronics.X-CUBE-AZRTOS-L5.2.0.0
2025-04-29 22:13:06,409 [WARN] PackLoader:240 - Cannot read IP mode file for STMicroelectronics.X-CUBE-NFC6.3.1.0
2025-04-29 22:13:06,413 [WARN] PackLoader:240 - Cannot read IP mode file for STMicroelectronics.X-CUBE-FREERTOS.1.3.0
2025-04-29 22:13:06,416 [WARN] PackLoader:240 - Cannot read IP mode file for STMicroelectronics.X-CUBE-NFC7.1.0.1
2025-04-29 22:13:06,420 [WARN] PackLoader:240 - Cannot read IP mode file for STMicroelectronics.X-CUBE-DPower.1.3.0
2025-04-29 22:13:06,429 [WARN] ConditionMgr:438 - getConditionDescription Invalid condition id : LAN8742 Phy interface Condition cause : null
2025-04-29 22:13:06,429 [WARN] PackLoader:240 - Cannot read IP mode file for STMicroelectronics.X-CUBE-AZRTOS-L4.2.0.0
2025-04-29 22:13:06,430 [WARN] ConditionMgr:1044 - genDependencies : Invalid condition id : LAN8742 Phy interface Condition cause : null
2025-04-29 22:13:06,430 [WARN] ConditionMgr:1044 - genDependencies : Invalid condition id : LAN8742 Phy interface Condition cause : null
2025-04-29 22:13:06,430 [WARN] ConditionMgr:1044 - genDependencies : Invalid condition id : LAN8742 Phy interface Condition cause : null
2025-04-29 22:13:06,435 [WARN] PackLoader:240 - Cannot read IP mode file for STMicroelectronics.X-CUBE-SFXS2LP1.4.0.0
2025-04-29 22:13:06,445 [WARN] PackLoader:240 - Cannot read IP mode file for STMicroelectronics.X-CUBE-AZRTOS-H7.3.3.0
2025-04-29 22:13:06,452 [WARN] ConditionMgr:438 - getConditionDescription Invalid condition id : UX DEVICE CLASS RTOS Condition cause : null
2025-04-29 22:13:06,452 [WARN] ConditionMgr:438 - getConditionDescription Invalid condition id : UX DEVICE CLASS RTOS Condition cause : null
2025-04-29 22:13:06,453 [WARN] PackLoader:240 - Cannot read IP mode file for STMicroelectronics.X-CUBE-AZRTOS-WB.2.0.0
2025-04-29 22:13:06,453 [WARN] ConditionMgr:1044 - genDependencies : Invalid condition id : UX DEVICE CLASS RTOS Condition cause : null
2025-04-29 22:13:06,454 [WARN] ConditionMgr:1044 - genDependencies : Invalid condition id : UX DEVICE CLASS RTOS Condition cause : null
2025-04-29 22:13:06,454 [WARN] ConditionMgr:1044 - genDependencies : Invalid condition id : UX DEVICE CLASS RTOS Condition cause : null
2025-04-29 22:13:06,454 [WARN] ConditionMgr:1044 - genDependencies : Invalid condition id : UX DEVICE CLASS RTOS Condition cause : null
2025-04-29 22:13:06,454 [WARN] ConditionMgr:1044 - genDependencies : Invalid condition id : UX DEVICE CLASS RTOS Condition cause : null
2025-04-29 22:13:06,457 [WARN] PackLoader:240 - Cannot read IP mode file for STMicroelectronics.X-CUBE-GNSS1.7.0.1
2025-04-29 22:13:06,461 [WARN] PackLoader:240 - Cannot read IP mode file for STMicroelectronics.X-CUBE-TOUCHGFX.4.25.0
2025-04-29 22:13:06,465 [WARN] PackLoader:240 - Cannot read IP mode file for STMicroelectronics.FP-SNS-STBOX1.2.0.0
2025-04-29 22:13:06,471 [WARN] PackLoader:240 - Cannot read IP mode file for STMicroelectronics.X-CUBE-SUBG2.5.0.0
2025-04-29 22:13:06,481 [WARN] PackLoader:240 - Cannot read IP mode file for STMicroelectronics.X-CUBE-AZRTOS-H7RS.1.1.0
2025-04-29 22:13:06,486 [WARN] PackLoader:240 - Cannot read IP mode file for Cesanta.I-CUBE-Mongoose.7.13.0
2025-04-29 22:13:06,493 [WARN] PackLoader:240 - Cannot read IP mode file for STMicroelectronics.X-CUBE-AZRTOS-G4.2.0.0
2025-04-29 22:13:06,496 [WARN] PackLoader:240 - Cannot read IP mode file for wolfSSL.I-CUBE-wolfSSH.1.4.20
2025-04-29 22:13:06,503 [WARN] PackLoader:240 - Cannot read IP mode file for STMicroelectronics.X-CUBE-IPS.3.1.0
2025-04-29 22:13:06,508 [WARN] PackLoader:240 - Cannot read IP mode file for STMicroelectronics.X-CUBE-ALS.1.0.2
2025-04-29 22:13:06,511 [WARN] PackLoader:240 - Cannot read IP mode file for portGmbH.I-Cube-SoM-uGOAL.1.1.0
2025-04-29 22:13:06,517 [WARN] PackLoader:240 - Cannot read IP mode file for STMicroelectronics.X-CUBE-TOF1.3.4.3
2025-04-29 22:13:06,522 [INFO] ThirdParty:978 - Integrity check success = true
2025-04-29 22:13:06,522 [INFO] IntegrityCheckThread:100 - exiting critical section [integrity check]
2025-04-29 22:13:06,522 [INFO] IntegrityCheckThread:103 - End integrity checks thread
2025-04-29 22:13:28,452 [ERROR] LogOutputStream:75 - [STDERR_REDIRECT] 
